2025/01/19 22:48:03 INFO - No host provided, listening for UDP packets
2025/01/19 22:48:12 INFO - Discovered host: 192.168.18.108
2025/01/19 22:48:12 INFO - Starting program
2025/01/19 22:48:12 INFO - Fetching data from API
2025/01/19 22:48:12 INFO - Data received: {Temperature:17.9 Humidity:73.9 CO2:975.53 NH3:1.05 NOx:0.19 Dust25:11.9 Dust10:14.6 CO:12.12}
2025/01/19 22:48:17 INFO - No host provided, listening for UDP packets
2025/01/19 22:48:42 INFO - Discovered host: 192.168.18.108
2025/01/19 22:48:42 INFO - Starting program
2025/01/19 22:48:42 INFO - Fetching data from API
2025/01/19 22:48:42 FATAL - Failed to parse JSON: invalid character 'N' looking for beginning of value
2025/01/19 22:49:42 INFO - Fetching data from API
2025/01/19 22:49:42 INFO - Data received: {Temperature:17.4 Humidity:74.2 CO2:977.13 NH3:1.05 NOx:0.19 Dust25:11.6 Dust10:14.4 CO:12.15}
2025/01/19 22:51:08 INFO - No host provided, listening for UDP packets
2025/01/19 22:51:12 INFO - Discovered host: 192.168.18.108
2025/01/19 22:51:12 INFO - Starting program
2025/01/19 22:51:12 INFO - Fetching data from API
2025/01/19 22:51:12 FATAL - Failed to parse JSON: invalid character 'N' looking for beginning of value
2025/01/19 22:52:12 INFO - Fetching data from API
2025/01/19 22:52:13 INFO - Data received: {Temperature:17.3 Humidity:74.2 CO2:975.8 NH3:1.05 NOx:0.19 Dust25:12.4 Dust10:16 CO:12.26}
2025/01/19 22:53:17 INFO - No host provided, listening for UDP packets
2025/01/19 22:53:26 INFO - Starting program
2025/01/19 22:53:26 INFO - Fetching data from API
2025/01/19 22:53:26 INFO - Data received: {Temperature:17.3 Humidity:74.2 CO2:965.3 NH3:1.04 NOx:0.19 Dust25:12.8 Dust10:16.4 CO:11.98}
2025/01/19 22:53:26 ALARM - CO CRITICAL LEVEL!!!
2025/01/19 22:54:47 INFO - Starting program
2025/01/19 22:54:47 INFO - Fetching data from API
2025/01/19 22:54:47 INFO - Data received: {Temperature:17.4 Humidity:74.2 CO2:964.89 NH3:1.04 NOx:0.19 Dust25:13.2 Dust10:16.6 CO:12.36}
2025/01/19 22:54:47 ALARM - CO CRITICAL LEVEL!!!
2025/01/19 22:57:10 INFO - Starting program
2025/01/19 22:57:10 INFO - Fetching data from API
2025/01/19 22:57:10 FATAL - Failed to parse JSON: invalid character 'N' looking for beginning of value
2025/01/19 22:57:15 INFO - Starting program
2025/01/19 22:57:15 INFO - Fetching data from API
2025/01/19 22:57:15 INFO - Data received: {Temperature:17.3 Humidity:74.2 CO2:974.05 NH3:1.05 NOx:0.19 Dust25:12.5 Dust10:15 CO:11.98}
